F:\复件 DIPDemo_vs20102012\DIPDemo_vs20102012\.\Release\DIPDemo.exe
F:\复件 DIPDemo_vs20102012\DIPDemo_vs20102012\.\Release\DIPDemo.exe.intermediate.manifest
F:\复件 DIPDEMO_VS20102012\DIPDEMO_VS20102012\RELEASE\CDLGMORPHCLOSE.OBJ
F:\复件 DIPDEMO_VS20102012\DIPDEMO_VS20102012\RELEASE\CDLGMORPHDILATION.OBJ
F:\复件 DIPDEMO_VS20102012\DIPDEMO_VS20102012\RELEASE\CDLGMORPHEROSION.OBJ
F:\复件 DIPDEMO_VS20102012\DIPDEMO_VS20102012\RELEASE\CDLGMORPHOPEN.OBJ
F:\复件 DIPDEMO_VS20102012\DIPDEMO_VS20102012\RELEASE\CHILDFRM.OBJ
F:\复件 DIPDemo_vs20102012\DIPDemo_vs20102012\Release\cl.command.1.tlog
F:\复件 DIPDemo_vs20102012\DIPDemo_vs20102012\Release\CL.read.1.tlog
F:\复件 DIPDemo_vs20102012\DIPDemo_vs20102012\Release\CL.write.1.tlog
F:\复件 DIPDEMO_VS20102012\DIPDEMO_VS20102012\RELEASE\DIPDEMO.EXE
F:\复件 DIPDEMO_VS20102012\DIPDEMO_VS20102012\RELEASE\DIPDEMO.EXE.INTERMEDIATE.MANIFEST
F:\复件 DIPDEMO_VS20102012\DIPDEMO_VS20102012\RELEASE\DIPDEMO.OBJ
F:\复件 DIPDEMO_VS20102012\DIPDEMO_VS20102012\RELEASE\DIPDEMO.RES
F:\复件 DIPDEMO_VS20102012\DIPDEMO_VS20102012\RELEASE\DIPDEMODOC.OBJ
F:\复件 DIPDEMO_VS20102012\DIPDEMO_VS20102012\RELEASE\DIPDEMOVIEW.OBJ
F:\复件 DIPDEMO_VS20102012\DIPDEMO_VS20102012\RELEASE\DLGCOLOR.OBJ
F:\复件 DIPDEMO_VS20102012\DIPDEMO_VS20102012\RELEASE\DLGDCT.OBJ
F:\复件 DIPDEMO_VS20102012\DIPDEMO_VS20102012\RELEASE\DLGEDGESOBELPREWITT.OBJ
F:\复件 DIPDEMO_VS20102012\DIPDEMO_VS20102012\RELEASE\DLGFREQGAUSSBRF.OBJ
F:\复件 DIPDEMO_VS20102012\DIPDEMO_VS20102012\RELEASE\DLGFREQGAUSSHPF.OBJ
F:\复件 DIPDEMO_VS20102012\DIPDEMO_VS20102012\RELEASE\DLGFREQGAUSSLPF.OBJ
F:\复件 DIPDEMO_VS20102012\DIPDEMO_VS20102012\RELEASE\DLGFREQIDEALLPF.OBJ
F:\复件 DIPDEMO_VS20102012\DIPDEMO_VS20102012\RELEASE\DLGGAMMA.OBJ
F:\复件 DIPDEMO_VS20102012\DIPDEMO_VS20102012\RELEASE\DLGGEOROTA.OBJ
F:\复件 DIPDEMO_VS20102012\DIPDEMO_VS20102012\RELEASE\DLGGEOTRAN.OBJ
F:\复件 DIPDEMO_VS20102012\DIPDEMO_VS20102012\RELEASE\DLGGEOZOOM.OBJ
F:\复件 DIPDEMO_VS20102012\DIPDEMO_VS20102012\RELEASE\DLGGRAYSCALING.OBJ
F:\复件 DIPDEMO_VS20102012\DIPDEMO_VS20102012\RELEASE\DLGHIST.OBJ
F:\复件 DIPDEMO_VS20102012\DIPDEMO_VS20102012\RELEASE\DLGHOUGH.OBJ
F:\复件 DIPDEMO_VS20102012\DIPDEMO_VS20102012\RELEASE\DLGHUFFMAN.OBJ
F:\复件 DIPDEMO_VS20102012\DIPDEMO_VS20102012\RELEASE\DLGLINERPARA.OBJ
F:\复件 DIPDEMO_VS20102012\DIPDEMO_VS20102012\RELEASE\DLGLINTRANS.OBJ
F:\复件 DIPDEMO_VS20102012\DIPDEMO_VS20102012\RELEASE\DLGLOG.OBJ
F:\复件 DIPDEMO_VS20102012\DIPDEMO_VS20102012\RELEASE\DLGMIDFILTER.OBJ
F:\复件 DIPDEMO_VS20102012\DIPDEMO_VS20102012\RELEASE\DLGMORPH.OBJ
F:\复件 DIPDEMO_VS20102012\DIPDEMO_VS20102012\RELEASE\DLGPOINTTHRE.OBJ
F:\复件 DIPDEMO_VS20102012\DIPDEMO_VS20102012\RELEASE\DLGPOINTWIN.OBJ
F:\复件 DIPDEMO_VS20102012\DIPDEMO_VS20102012\RELEASE\DLGPROJRESTORE.OBJ
F:\复件 DIPDEMO_VS20102012\DIPDEMO_VS20102012\RELEASE\DLGSHARPTHRE.OBJ
F:\复件 DIPDEMO_VS20102012\DIPDEMO_VS20102012\RELEASE\DLGSMOOTH.OBJ
F:\复件 DIPDEMO_VS20102012\DIPDEMO_VS20102012\RELEASE\DLGWNDTRAN.OBJ
F:\复件 DIPDEMO_VS20102012\DIPDEMO_VS20102012\RELEASE\HUFFMAN.OBJ
F:\复件 DIPDEMO_VS20102012\DIPDEMO_VS20102012\RELEASE\IMG.OBJ
F:\复件 DIPDEMO_VS20102012\DIPDEMO_VS20102012\RELEASE\IMGPROCESS.OBJ
F:\复件 DIPDemo_vs20102012\DIPDemo_vs20102012\Release\link.command.1.tlog
F:\复件 DIPDemo_vs20102012\DIPDemo_vs20102012\Release\link.read.1.tlog
F:\复件 DIPDemo_vs20102012\DIPDemo_vs20102012\Release\link.write.1.tlog
F:\复件 DIPDemo_vs20102012\DIPDemo_vs20102012\Release\link-cvtres.read.1.tlog
F:\复件 DIPDemo_vs20102012\DIPDemo_vs20102012\Release\link-cvtres.write.1.tlog
F:\复件 DIPDEMO_VS20102012\DIPDEMO_VS20102012\RELEASE\MAINFRM.OBJ
F:\复件 DIPDemo_vs20102012\DIPDemo_vs20102012\Release\mt.command.1.tlog
F:\复件 DIPDemo_vs20102012\DIPDemo_vs20102012\Release\mt.read.1.tlog
F:\复件 DIPDemo_vs20102012\DIPDemo_vs20102012\Release\mt.write.1.tlog
F:\复件 DIPDemo_vs20102012\DIPDemo_vs20102012\Release\rc.command.1.tlog
F:\复件 DIPDemo_vs20102012\DIPDemo_vs20102012\Release\rc.read.1.tlog
F:\复件 DIPDemo_vs20102012\DIPDemo_vs20102012\Release\rc.write.1.tlog
F:\复件 DIPDEMO_VS20102012\DIPDEMO_VS20102012\RELEASE\STDAFX.OBJ
F:\复件 DIPDEMO_VS20102012\DIPDEMO_VS20102012\RELEASE\VC100.PDB
F:\复件 DIPDEMO_VS20102012\DIPDEMO_VS20102012\RELEASE\VECTOR2D.OBJ
