g:\develop\c++projects\stlviewer\stlviewerhandlers\debug\stlviewerhandlers.pch
g:\develop\c++projects\stlviewer\stlviewerhandlers\debug\vc140.pdb
g:\develop\c++projects\stlviewer\stlviewerhandlers\debug\vc140.idb
g:\develop\c++projects\stlviewer\stlviewerhandlers\debug\stdafx.obj
g:\develop\c++projects\stlviewer\stlviewerhandlers\debug\stlviewerdoc.obj
g:\develop\c++projects\stlviewer\stlviewerhandlers\debug\stlviewerhandlers.obj
g:\develop\c++projects\stlviewer\stlviewerhandlers\debug\stlviewerview.obj
g:\develop\c++projects\stlviewer\stlviewerhandlers\debug\dllmain.obj
g:\develop\c++projects\stlviewer\stlviewerhandlers\debug\stlviewerhandlers_i.obj
g:\develop\c++projects\stlviewer\stlviewerhandlers\debug\xdlldata.obj
g:\develop\c++projects\stlviewer\stlviewerhandlers\debug\stlviewerhandlers.tlb
g:\develop\c++projects\stlviewer\stlviewerhandlers\stlviewerhandlers_p.c
g:\develop\c++projects\stlviewer\stlviewerhandlers\stlviewerhandlers_i.c
g:\develop\c++projects\stlviewer\stlviewerhandlers\stlviewerhandlers_i.h
g:\develop\c++projects\stlviewer\stlviewerhandlers\debug\stlviewerhandlers.res
g:\develop\c++projects\stlviewer\debug\stlviewerhandlers.lib
g:\develop\c++projects\stlviewer\debug\stlviewerhandlers.exp
g:\develop\c++projects\stlviewer\debug\stlviewerhandlers.pdb
g:\develop\c++projects\stlviewer\stlviewerhandlers\debug\stlviewe.03342b71.tlog\cl.command.1.tlog
g:\develop\c++projects\stlviewer\stlviewerhandlers\debug\stlviewe.03342b71.tlog\cl.read.1.tlog
g:\develop\c++projects\stlviewer\stlviewerhandlers\debug\stlviewe.03342b71.tlog\cl.write.1.tlog
g:\develop\c++projects\stlviewer\stlviewerhandlers\debug\stlviewe.03342b71.tlog\link-cvtres.read.1.tlog
g:\develop\c++projects\stlviewer\stlviewerhandlers\debug\stlviewe.03342b71.tlog\link-cvtres.write.1.tlog
g:\develop\c++projects\stlviewer\stlviewerhandlers\debug\stlviewe.03342b71.tlog\link-mt.read.1.tlog
g:\develop\c++projects\stlviewer\stlviewerhandlers\debug\stlviewe.03342b71.tlog\link-mt.write.1.tlog
g:\develop\c++projects\stlviewer\stlviewerhandlers\debug\stlviewe.03342b71.tlog\link-rc.read.1.tlog
g:\develop\c++projects\stlviewer\stlviewerhandlers\debug\stlviewe.03342b71.tlog\link-rc.write.1.tlog
g:\develop\c++projects\stlviewer\stlviewerhandlers\debug\stlviewe.03342b71.tlog\link.39492-cvtres.read.1.tlog
g:\develop\c++projects\stlviewer\stlviewerhandlers\debug\stlviewe.03342b71.tlog\link.39492-cvtres.write.1.tlog
g:\develop\c++projects\stlviewer\stlviewerhandlers\debug\stlviewe.03342b71.tlog\link.39492-mt.read.1.tlog
g:\develop\c++projects\stlviewer\stlviewerhandlers\debug\stlviewe.03342b71.tlog\link.39492-mt.write.1.tlog
g:\develop\c++projects\stlviewer\stlviewerhandlers\debug\stlviewe.03342b71.tlog\link.39492-rc.read.1.tlog
g:\develop\c++projects\stlviewer\stlviewerhandlers\debug\stlviewe.03342b71.tlog\link.39492-rc.write.1.tlog
g:\develop\c++projects\stlviewer\stlviewerhandlers\debug\stlviewe.03342b71.tlog\link.39492.read.1.tlog
g:\develop\c++projects\stlviewer\stlviewerhandlers\debug\stlviewe.03342b71.tlog\link.39492.write.1.tlog
g:\develop\c++projects\stlviewer\stlviewerhandlers\debug\stlviewe.03342b71.tlog\link.command.1.tlog
g:\develop\c++projects\stlviewer\stlviewerhandlers\debug\stlviewe.03342b71.tlog\link.read.1.tlog
g:\develop\c++projects\stlviewer\stlviewerhandlers\debug\stlviewe.03342b71.tlog\link.write.1.tlog
g:\develop\c++projects\stlviewer\stlviewerhandlers\debug\stlviewe.03342b71.tlog\midl.command.1.tlog
g:\develop\c++projects\stlviewer\stlviewerhandlers\debug\stlviewe.03342b71.tlog\midl.read.1.tlog
g:\develop\c++projects\stlviewer\stlviewerhandlers\debug\stlviewe.03342b71.tlog\midl.write.1.tlog
g:\develop\c++projects\stlviewer\stlviewerhandlers\debug\stlviewe.03342b71.tlog\rc.command.1.tlog
g:\develop\c++projects\stlviewer\stlviewerhandlers\debug\stlviewe.03342b71.tlog\rc.read.1.tlog
g:\develop\c++projects\stlviewer\stlviewerhandlers\debug\stlviewe.03342b71.tlog\rc.write.1.tlog
g:\develop\c++projects\stlviewer\stlviewerhandlers\debug\stlviewe.03342b71.tlog\stlviewerhandlers.write.1u.tlog
