  StdAfx.cpp
  BackgroundUtil.cpp
  BCMenu.cpp
g:\develop\c++projects\cbuttonst_vs2010demo\bcmenu.cpp(75): warning C4996: 'GetVersion': 被声明为已否决
  c:\program files (x86)\windows kits\10\include\10.0.17134.0\um\sysinfoapi.h(135): note: 参见“GetVersion”的声明
g:\develop\c++projects\cbuttonst_vs2010demo\bcmenu.cpp(82): warning C4996: 'GetVersionExA': 被声明为已否决
  c:\program files (x86)\windows kits\10\include\10.0.17134.0\um\sysinfoapi.h(378): note: 参见“GetVersionExA”的声明
g:\develop\c++projects\cbuttonst_vs2010demo\bcmenu.cpp(97): warning C4996: 'GetVersionExA': 被声明为已否决
  c:\program files (x86)\windows kits\10\include\10.0.17134.0\um\sysinfoapi.h(378): note: 参见“GetVersionExA”的声明
g:\develop\c++projects\cbuttonst_vs2010demo\bcmenu.cpp(210): warning C4996: 'wcscpy': This function or variable may be unsafe. Consider using wcscpy_s instead. To disable deprecation, use _CRT_SECURE_NO_WARNINGS. See online help for details.
  c:\program files (x86)\windows kits\10\include\10.0.17134.0\ucrt\corecrt_wstring.h(123): note: 参见“wcscpy”的声明
g:\develop\c++projects\cbuttonst_vs2010demo\bcmenu.cpp(1666): warning C4996: 'wcscpy': This function or variable may be unsafe. Consider using wcscpy_s instead. To disable deprecation, use _CRT_SECURE_NO_WARNINGS. See online help for details.
  c:\program files (x86)\windows kits\10\include\10.0.17134.0\ucrt\corecrt_wstring.h(123): note: 参见“wcscpy”的声明
g:\develop\c++projects\cbuttonst_vs2010demo\bcmenu.cpp(1948): warning C4018: “<”: 有符号/无符号不匹配
  BkDialog.cpp
  BtnST.cpp
g:\develop\c++projects\cbuttonst_vs2010demo\btnst.cpp(14): warning C4005: “BS_TYPEMASK”: 宏重定义
  c:\program files (x86)\windows kits\10\include\10.0.17134.0\um\winuser.h(11003): note: 参见“BS_TYPEMASK”的前一个定义
g:\develop\c++projects\cbuttonst_vs2010demo\btnst.cpp(1685): warning C4996: '_tcsncpy': This function or variable may be unsafe. Consider using _tcsncpy_s instead. To disable deprecation, use _CRT_SECURE_NO_WARNINGS. See online help for details.
  c:\program files (x86)\windows kits\10\include\10.0.17134.0\ucrt\tchar.h(1551): note: 参见“_tcsncpy”的声明
  CButtonST_Demo.cpp
  CButtonST_DemoDlg.cpp
  CeXDib.cpp
  DlgAbout.cpp
  DlgAdvanced.cpp
  DlgBasic.cpp
  DlgShadeButtonST.cpp
  DlgTransparent.cpp
  HyperLink.cpp
  MyTabCtrl.cpp
  ShadeButtonST.cpp
g:\develop\c++projects\cbuttonst_vs2010demo\shadebuttonst.cpp(133): warning C4244: “=”: 从“long”转换到“BYTE”，可能丢失数据
g:\develop\c++projects\cbuttonst_vs2010demo\shadebuttonst.cpp(134): warning C4244: “=”: 从“long”转换到“BYTE”，可能丢失数据
  WinXPButtonST.cpp
  正在生成代码...
  CButtonST_Demo.vcxproj -> G:\develop\c++Projects\CButtonST_vs2010demo\.\Release\CButtonST_Demo.exe
