.\Debug\DIPDemo.bsc
.\Debug\DIPDemo.ilk
.\Debug\DIPDemo.pdb
D:\DIPREC\DIPDEMO_VS20102012\DIPDEMO_VS20102012\DEBUG\CDLGMORPHCLOSE.OBJ
D:\DIPREC\DIPDEMO_VS20102012\DIPDEMO_VS20102012\DEBUG\CDLGMORPHCLOSE.SBR
D:\DIPREC\DIPDEMO_VS20102012\DIPDEMO_VS20102012\DEBUG\CDLGMORPHDILATION.OBJ
D:\DIPREC\DIPDEMO_VS20102012\DIPDEMO_VS20102012\DEBUG\CDLGMORPHDILATION.SBR
D:\DIPREC\DIPDEMO_VS20102012\DIPDEMO_VS20102012\DEBUG\CDLGMORPHEROSION.OBJ
D:\DIPREC\DIPDEMO_VS20102012\DIPDEMO_VS20102012\DEBUG\CDLGMORPHEROSION.SBR
D:\DIPREC\DIPDEMO_VS20102012\DIPDEMO_VS20102012\DEBUG\CDLGMORPHOPEN.OBJ
D:\DIPREC\DIPDEMO_VS20102012\DIPDEMO_VS20102012\DEBUG\CDLGMORPHOPEN.SBR
D:\DIPREC\DIPDEMO_VS20102012\DIPDEMO_VS20102012\DEBUG\CHILDFRM.OBJ
D:\DIPREC\DIPDEMO_VS20102012\DIPDEMO_VS20102012\DEBUG\CHILDFRM.SBR
D:\DIPREC\DIPDEMO_VS20102012\DIPDEMO_VS20102012\DEBUG\DIPDEMO.BSC
D:\DIPREC\DIPDEMO_VS20102012\DIPDEMO_VS20102012\DEBUG\DIPDEMO.EXE
D:\DIPREC\DIPDEMO_VS20102012\DIPDEMO_VS20102012\DEBUG\DIPDEMO.EXE.EMBED.MANIFEST
D:\DIPREC\DIPDEMO_VS20102012\DIPDEMO_VS20102012\DEBUG\DIPDEMO.EXE.EMBED.MANIFEST.RES
D:\DIPREC\DIPDEMO_VS20102012\DIPDEMO_VS20102012\DEBUG\DIPDEMO.EXE.INTERMEDIATE.MANIFEST
D:\DIPREC\DIPDEMO_VS20102012\DIPDEMO_VS20102012\DEBUG\DIPDEMO.ILK
D:\DIPREC\DIPDEMO_VS20102012\DIPDEMO_VS20102012\DEBUG\DIPDEMO.OBJ
D:\DIPREC\DIPDEMO_VS20102012\DIPDEMO_VS20102012\DEBUG\DIPDEMO.PDB
D:\DIPREC\DIPDEMO_VS20102012\DIPDEMO_VS20102012\DEBUG\DIPDEMO.RES
D:\DIPREC\DIPDEMO_VS20102012\DIPDEMO_VS20102012\DEBUG\DIPDEMO.SBR
D:\DIPREC\DIPDEMO_VS20102012\DIPDEMO_VS20102012\DEBUG\DIPDEMODOC.OBJ
D:\DIPREC\DIPDEMO_VS20102012\DIPDEMO_VS20102012\DEBUG\DIPDEMODOC.SBR
D:\DIPREC\DIPDEMO_VS20102012\DIPDEMO_VS20102012\DEBUG\DIPDEMOVIEW.OBJ
D:\DIPREC\DIPDEMO_VS20102012\DIPDEMO_VS20102012\DEBUG\DIPDEMOVIEW.SBR
D:\DIPREC\DIPDEMO_VS20102012\DIPDEMO_VS20102012\DEBUG\DLGCOLOR.OBJ
D:\DIPREC\DIPDEMO_VS20102012\DIPDEMO_VS20102012\DEBUG\DLGCOLOR.SBR
D:\DIPREC\DIPDEMO_VS20102012\DIPDEMO_VS20102012\DEBUG\DLGEDGESOBELPREWITT.OBJ
D:\DIPREC\DIPDEMO_VS20102012\DIPDEMO_VS20102012\DEBUG\DLGEDGESOBELPREWITT.SBR
D:\DIPREC\DIPDEMO_VS20102012\DIPDEMO_VS20102012\DEBUG\DLGFREQGAUSSBRF.OBJ
D:\DIPREC\DIPDEMO_VS20102012\DIPDEMO_VS20102012\DEBUG\DLGFREQGAUSSBRF.SBR
D:\DIPREC\DIPDEMO_VS20102012\DIPDEMO_VS20102012\DEBUG\DLGFREQGAUSSHPF.OBJ
D:\DIPREC\DIPDEMO_VS20102012\DIPDEMO_VS20102012\DEBUG\DLGFREQGAUSSHPF.SBR
D:\DIPREC\DIPDEMO_VS20102012\DIPDEMO_VS20102012\DEBUG\DLGFREQGAUSSLPF.OBJ
D:\DIPREC\DIPDEMO_VS20102012\DIPDEMO_VS20102012\DEBUG\DLGFREQGAUSSLPF.SBR
D:\DIPREC\DIPDEMO_VS20102012\DIPDEMO_VS20102012\DEBUG\DLGFREQIDEALLPF.OBJ
D:\DIPREC\DIPDEMO_VS20102012\DIPDEMO_VS20102012\DEBUG\DLGFREQIDEALLPF.SBR
D:\DIPREC\DIPDEMO_VS20102012\DIPDEMO_VS20102012\DEBUG\DLGGAMMA.OBJ
D:\DIPREC\DIPDEMO_VS20102012\DIPDEMO_VS20102012\DEBUG\DLGGAMMA.SBR
D:\DIPREC\DIPDEMO_VS20102012\DIPDEMO_VS20102012\DEBUG\DLGGEOROTA.OBJ
D:\DIPREC\DIPDEMO_VS20102012\DIPDEMO_VS20102012\DEBUG\DLGGEOROTA.SBR
D:\DIPREC\DIPDEMO_VS20102012\DIPDEMO_VS20102012\DEBUG\DLGGEOTRAN.OBJ
D:\DIPREC\DIPDEMO_VS20102012\DIPDEMO_VS20102012\DEBUG\DLGGEOTRAN.SBR
D:\DIPREC\DIPDEMO_VS20102012\DIPDEMO_VS20102012\DEBUG\DLGGEOZOOM.OBJ
D:\DIPREC\DIPDEMO_VS20102012\DIPDEMO_VS20102012\DEBUG\DLGGEOZOOM.SBR
D:\DIPREC\DIPDEMO_VS20102012\DIPDEMO_VS20102012\DEBUG\DLGGRAYSCALING.OBJ
D:\DIPREC\DIPDEMO_VS20102012\DIPDEMO_VS20102012\DEBUG\DLGGRAYSCALING.SBR
D:\DIPREC\DIPDEMO_VS20102012\DIPDEMO_VS20102012\DEBUG\DLGHIST.OBJ
D:\DIPREC\DIPDEMO_VS20102012\DIPDEMO_VS20102012\DEBUG\DLGHIST.SBR
D:\DIPREC\DIPDEMO_VS20102012\DIPDEMO_VS20102012\DEBUG\DLGHOUGH.OBJ
D:\DIPREC\DIPDEMO_VS20102012\DIPDEMO_VS20102012\DEBUG\DLGHOUGH.SBR
D:\DIPREC\DIPDEMO_VS20102012\DIPDEMO_VS20102012\DEBUG\DLGLINERPARA.OBJ
D:\DIPREC\DIPDEMO_VS20102012\DIPDEMO_VS20102012\DEBUG\DLGLINERPARA.SBR
D:\DIPREC\DIPDEMO_VS20102012\DIPDEMO_VS20102012\DEBUG\DLGLINTRANS.OBJ
D:\DIPREC\DIPDEMO_VS20102012\DIPDEMO_VS20102012\DEBUG\DLGLINTRANS.SBR
D:\DIPREC\DIPDEMO_VS20102012\DIPDEMO_VS20102012\DEBUG\DLGLOG.OBJ
D:\DIPREC\DIPDEMO_VS20102012\DIPDEMO_VS20102012\DEBUG\DLGLOG.SBR
D:\DIPREC\DIPDEMO_VS20102012\DIPDEMO_VS20102012\DEBUG\DLGMIDFILTER.OBJ
D:\DIPREC\DIPDEMO_VS20102012\DIPDEMO_VS20102012\DEBUG\DLGMIDFILTER.SBR
D:\DIPREC\DIPDEMO_VS20102012\DIPDEMO_VS20102012\DEBUG\DLGMORPH.OBJ
D:\DIPREC\DIPDEMO_VS20102012\DIPDEMO_VS20102012\DEBUG\DLGMORPH.SBR
D:\DIPREC\DIPDEMO_VS20102012\DIPDEMO_VS20102012\DEBUG\DLGPOINTTHRE.OBJ
D:\DIPREC\DIPDEMO_VS20102012\DIPDEMO_VS20102012\DEBUG\DLGPOINTTHRE.SBR
D:\DIPREC\DIPDEMO_VS20102012\DIPDEMO_VS20102012\DEBUG\DLGPOINTWIN.OBJ
D:\DIPREC\DIPDEMO_VS20102012\DIPDEMO_VS20102012\DEBUG\DLGPOINTWIN.SBR
D:\DIPREC\DIPDEMO_VS20102012\DIPDEMO_VS20102012\DEBUG\DLGPROJRESTORE.OBJ
D:\DIPREC\DIPDEMO_VS20102012\DIPDEMO_VS20102012\DEBUG\DLGPROJRESTORE.SBR
D:\DIPREC\DIPDEMO_VS20102012\DIPDEMO_VS20102012\DEBUG\DLGSHARPTHRE.OBJ
D:\DIPREC\DIPDEMO_VS20102012\DIPDEMO_VS20102012\DEBUG\DLGSHARPTHRE.SBR
D:\DIPREC\DIPDEMO_VS20102012\DIPDEMO_VS20102012\DEBUG\DLGSMOOTH.OBJ
D:\DIPREC\DIPDEMO_VS20102012\DIPDEMO_VS20102012\DEBUG\DLGSMOOTH.SBR
D:\DIPREC\DIPDEMO_VS20102012\DIPDEMO_VS20102012\DEBUG\DLGWNDTRAN.OBJ
D:\DIPREC\DIPDEMO_VS20102012\DIPDEMO_VS20102012\DEBUG\DLGWNDTRAN.SBR
D:\DIPREC\DIPDEMO_VS20102012\DIPDEMO_VS20102012\DEBUG\IMG.OBJ
D:\DIPREC\DIPDEMO_VS20102012\DIPDEMO_VS20102012\DEBUG\IMG.SBR
D:\DIPREC\DIPDEMO_VS20102012\DIPDEMO_VS20102012\DEBUG\IMGPROCESS.OBJ
D:\DIPREC\DIPDEMO_VS20102012\DIPDEMO_VS20102012\DEBUG\IMGPROCESS.SBR
D:\DIPREC\DIPDEMO_VS20102012\DIPDEMO_VS20102012\DEBUG\MAINFRM.OBJ
D:\DIPREC\DIPDEMO_VS20102012\DIPDEMO_VS20102012\DEBUG\MAINFRM.SBR
D:\DIPREC\DIPDEMO_VS20102012\DIPDEMO_VS20102012\DEBUG\STDAFX.OBJ
D:\DIPREC\DIPDEMO_VS20102012\DIPDEMO_VS20102012\DEBUG\STDAFX.SBR
D:\DIPREC\DIPDEMO_VS20102012\DIPDEMO_VS20102012\DEBUG\VC100.PDB
D:\DIPREC\DIPDEMO_VS20102012\DIPDEMO_VS20102012\DEBUG\VECTOR2D.OBJ
D:\DIPREC\DIPDEMO_VS20102012\DIPDEMO_VS20102012\DEBUG\VECTOR2D.SBR
F:\matlab数字图像处理与机器视觉_第二版\第8章 图像复原\DIPDemo_vs20102012\DIPDemo_vs20102012\.\Debug\DIPDemo.exe
F:\matlab数字图像处理与机器视觉_第二版\第8章 图像复原\DIPDemo_vs20102012\DIPDemo_vs20102012\.\Debug\DIPDemo.exe.intermediate.manifest
F:\matlab数字图像处理与机器视觉_第二版\第8章 图像复原\DIPDemo_vs20102012\DIPDemo_vs20102012\Debug\BscMake.command.1.tlog
F:\matlab数字图像处理与机器视觉_第二版\第8章 图像复原\DIPDemo_vs20102012\DIPDemo_vs20102012\Debug\bscmake.read.1.tlog
F:\matlab数字图像处理与机器视觉_第二版\第8章 图像复原\DIPDemo_vs20102012\DIPDemo_vs20102012\Debug\bscmake.write.1.tlog
F:\MATLAB数字图像处理与机器视觉_第二版\第8章 图像复原\DIPDEMO_VS20102012\DIPDEMO_VS20102012\DEBUG\CDLGMORPHCLOSE.OBJ
F:\MATLAB数字图像处理与机器视觉_第二版\第8章 图像复原\DIPDEMO_VS20102012\DIPDEMO_VS20102012\DEBUG\CDLGMORPHCLOSE.SBR
F:\MATLAB数字图像处理与机器视觉_第二版\第8章 图像复原\DIPDEMO_VS20102012\DIPDEMO_VS20102012\DEBUG\CDLGMORPHDILATION.OBJ
F:\MATLAB数字图像处理与机器视觉_第二版\第8章 图像复原\DIPDEMO_VS20102012\DIPDEMO_VS20102012\DEBUG\CDLGMORPHDILATION.SBR
F:\MATLAB数字图像处理与机器视觉_第二版\第8章 图像复原\DIPDEMO_VS20102012\DIPDEMO_VS20102012\DEBUG\CDLGMORPHEROSION.OBJ
F:\MATLAB数字图像处理与机器视觉_第二版\第8章 图像复原\DIPDEMO_VS20102012\DIPDEMO_VS20102012\DEBUG\CDLGMORPHEROSION.SBR
F:\MATLAB数字图像处理与机器视觉_第二版\第8章 图像复原\DIPDEMO_VS20102012\DIPDEMO_VS20102012\DEBUG\CDLGMORPHOPEN.OBJ
F:\MATLAB数字图像处理与机器视觉_第二版\第8章 图像复原\DIPDEMO_VS20102012\DIPDEMO_VS20102012\DEBUG\CDLGMORPHOPEN.SBR
F:\MATLAB数字图像处理与机器视觉_第二版\第8章 图像复原\DIPDEMO_VS20102012\DIPDEMO_VS20102012\DEBUG\CHILDFRM.OBJ
F:\MATLAB数字图像处理与机器视觉_第二版\第8章 图像复原\DIPDEMO_VS20102012\DIPDEMO_VS20102012\DEBUG\CHILDFRM.SBR
F:\matlab数字图像处理与机器视觉_第二版\第8章 图像复原\DIPDemo_vs20102012\DIPDemo_vs20102012\Debug\cl.command.1.tlog
F:\matlab数字图像处理与机器视觉_第二版\第8章 图像复原\DIPDemo_vs20102012\DIPDemo_vs20102012\Debug\CL.read.1.tlog
F:\matlab数字图像处理与机器视觉_第二版\第8章 图像复原\DIPDemo_vs20102012\DIPDemo_vs20102012\Debug\CL.write.1.tlog
F:\MATLAB数字图像处理与机器视觉_第二版\第8章 图像复原\DIPDEMO_VS20102012\DIPDEMO_VS20102012\DEBUG\DIPDEMO.BSC
F:\MATLAB数字图像处理与机器视觉_第二版\第8章 图像复原\DIPDEMO_VS20102012\DIPDEMO_VS20102012\DEBUG\DIPDEMO.EXE
F:\MATLAB数字图像处理与机器视觉_第二版\第8章 图像复原\DIPDEMO_VS20102012\DIPDEMO_VS20102012\DEBUG\DIPDEMO.EXE.EMBED.MANIFEST
F:\MATLAB数字图像处理与机器视觉_第二版\第8章 图像复原\DIPDEMO_VS20102012\DIPDEMO_VS20102012\DEBUG\DIPDEMO.EXE.EMBED.MANIFEST.RES
F:\MATLAB数字图像处理与机器视觉_第二版\第8章 图像复原\DIPDEMO_VS20102012\DIPDEMO_VS20102012\DEBUG\DIPDEMO.EXE.INTERMEDIATE.MANIFEST
F:\MATLAB数字图像处理与机器视觉_第二版\第8章 图像复原\DIPDEMO_VS20102012\DIPDEMO_VS20102012\DEBUG\DIPDEMO.ILK
F:\MATLAB数字图像处理与机器视觉_第二版\第8章 图像复原\DIPDEMO_VS20102012\DIPDEMO_VS20102012\DEBUG\DIPDEMO.OBJ
F:\MATLAB数字图像处理与机器视觉_第二版\第8章 图像复原\DIPDEMO_VS20102012\DIPDEMO_VS20102012\DEBUG\DIPDEMO.PDB
F:\MATLAB数字图像处理与机器视觉_第二版\第8章 图像复原\DIPDEMO_VS20102012\DIPDEMO_VS20102012\DEBUG\DIPDEMO.RES
F:\MATLAB数字图像处理与机器视觉_第二版\第8章 图像复原\DIPDEMO_VS20102012\DIPDEMO_VS20102012\DEBUG\DIPDEMO.SBR
F:\matlab数字图像处理与机器视觉_第二版\第8章 图像复原\DIPDemo_vs20102012\DIPDemo_vs20102012\Debug\DIPDemo.vcxprojResolveAssemblyReference.cache
F:\matlab数字图像处理与机器视觉_第二版\第8章 图像复原\DIPDemo_vs20102012\DIPDemo_vs20102012\Debug\DIPDemo.write.1.tlog
F:\matlab数字图像处理与机器视觉_第二版\第8章 图像复原\DIPDemo_vs20102012\DIPDemo_vs20102012\Debug\DIPDemo_manifest.rc
F:\MATLAB数字图像处理与机器视觉_第二版\第8章 图像复原\DIPDEMO_VS20102012\DIPDEMO_VS20102012\DEBUG\DIPDEMODOC.OBJ
F:\MATLAB数字图像处理与机器视觉_第二版\第8章 图像复原\DIPDEMO_VS20102012\DIPDEMO_VS20102012\DEBUG\DIPDEMODOC.SBR
F:\MATLAB数字图像处理与机器视觉_第二版\第8章 图像复原\DIPDEMO_VS20102012\DIPDEMO_VS20102012\DEBUG\DIPDEMOVIEW.OBJ
F:\MATLAB数字图像处理与机器视觉_第二版\第8章 图像复原\DIPDEMO_VS20102012\DIPDEMO_VS20102012\DEBUG\DIPDEMOVIEW.SBR
F:\MATLAB数字图像处理与机器视觉_第二版\第8章 图像复原\DIPDEMO_VS20102012\DIPDEMO_VS20102012\DEBUG\DLGCOLOR.OBJ
F:\MATLAB数字图像处理与机器视觉_第二版\第8章 图像复原\DIPDEMO_VS20102012\DIPDEMO_VS20102012\DEBUG\DLGCOLOR.SBR
F:\MATLAB数字图像处理与机器视觉_第二版\第8章 图像复原\DIPDEMO_VS20102012\DIPDEMO_VS20102012\DEBUG\DLGDCT.OBJ
F:\MATLAB数字图像处理与机器视觉_第二版\第8章 图像复原\DIPDEMO_VS20102012\DIPDEMO_VS20102012\DEBUG\DLGDCT.SBR
F:\MATLAB数字图像处理与机器视觉_第二版\第8章 图像复原\DIPDEMO_VS20102012\DIPDEMO_VS20102012\DEBUG\DLGEDGESOBELPREWITT.OBJ
F:\MATLAB数字图像处理与机器视觉_第二版\第8章 图像复原\DIPDEMO_VS20102012\DIPDEMO_VS20102012\DEBUG\DLGEDGESOBELPREWITT.SBR
F:\MATLAB数字图像处理与机器视觉_第二版\第8章 图像复原\DIPDEMO_VS20102012\DIPDEMO_VS20102012\DEBUG\DLGFREQGAUSSBRF.OBJ
F:\MATLAB数字图像处理与机器视觉_第二版\第8章 图像复原\DIPDEMO_VS20102012\DIPDEMO_VS20102012\DEBUG\DLGFREQGAUSSBRF.SBR
F:\MATLAB数字图像处理与机器视觉_第二版\第8章 图像复原\DIPDEMO_VS20102012\DIPDEMO_VS20102012\DEBUG\DLGFREQGAUSSHPF.OBJ
F:\MATLAB数字图像处理与机器视觉_第二版\第8章 图像复原\DIPDEMO_VS20102012\DIPDEMO_VS20102012\DEBUG\DLGFREQGAUSSHPF.SBR
F:\MATLAB数字图像处理与机器视觉_第二版\第8章 图像复原\DIPDEMO_VS20102012\DIPDEMO_VS20102012\DEBUG\DLGFREQGAUSSLPF.OBJ
F:\MATLAB数字图像处理与机器视觉_第二版\第8章 图像复原\DIPDEMO_VS20102012\DIPDEMO_VS20102012\DEBUG\DLGFREQGAUSSLPF.SBR
F:\MATLAB数字图像处理与机器视觉_第二版\第8章 图像复原\DIPDEMO_VS20102012\DIPDEMO_VS20102012\DEBUG\DLGFREQIDEALLPF.OBJ
F:\MATLAB数字图像处理与机器视觉_第二版\第8章 图像复原\DIPDEMO_VS20102012\DIPDEMO_VS20102012\DEBUG\DLGFREQIDEALLPF.SBR
F:\MATLAB数字图像处理与机器视觉_第二版\第8章 图像复原\DIPDEMO_VS20102012\DIPDEMO_VS20102012\DEBUG\DLGGAMMA.OBJ
F:\MATLAB数字图像处理与机器视觉_第二版\第8章 图像复原\DIPDEMO_VS20102012\DIPDEMO_VS20102012\DEBUG\DLGGAMMA.SBR
F:\MATLAB数字图像处理与机器视觉_第二版\第8章 图像复原\DIPDEMO_VS20102012\DIPDEMO_VS20102012\DEBUG\DLGGEOROTA.OBJ
F:\MATLAB数字图像处理与机器视觉_第二版\第8章 图像复原\DIPDEMO_VS20102012\DIPDEMO_VS20102012\DEBUG\DLGGEOROTA.SBR
F:\MATLAB数字图像处理与机器视觉_第二版\第8章 图像复原\DIPDEMO_VS20102012\DIPDEMO_VS20102012\DEBUG\DLGGEOTRAN.OBJ
F:\MATLAB数字图像处理与机器视觉_第二版\第8章 图像复原\DIPDEMO_VS20102012\DIPDEMO_VS20102012\DEBUG\DLGGEOTRAN.SBR
F:\MATLAB数字图像处理与机器视觉_第二版\第8章 图像复原\DIPDEMO_VS20102012\DIPDEMO_VS20102012\DEBUG\DLGGEOZOOM.OBJ
F:\MATLAB数字图像处理与机器视觉_第二版\第8章 图像复原\DIPDEMO_VS20102012\DIPDEMO_VS20102012\DEBUG\DLGGEOZOOM.SBR
F:\MATLAB数字图像处理与机器视觉_第二版\第8章 图像复原\DIPDEMO_VS20102012\DIPDEMO_VS20102012\DEBUG\DLGGRAYSCALING.OBJ
F:\MATLAB数字图像处理与机器视觉_第二版\第8章 图像复原\DIPDEMO_VS20102012\DIPDEMO_VS20102012\DEBUG\DLGGRAYSCALING.SBR
F:\MATLAB数字图像处理与机器视觉_第二版\第8章 图像复原\DIPDEMO_VS20102012\DIPDEMO_VS20102012\DEBUG\DLGHIST.OBJ
F:\MATLAB数字图像处理与机器视觉_第二版\第8章 图像复原\DIPDEMO_VS20102012\DIPDEMO_VS20102012\DEBUG\DLGHIST.SBR
F:\MATLAB数字图像处理与机器视觉_第二版\第8章 图像复原\DIPDEMO_VS20102012\DIPDEMO_VS20102012\DEBUG\DLGHOUGH.OBJ
F:\MATLAB数字图像处理与机器视觉_第二版\第8章 图像复原\DIPDEMO_VS20102012\DIPDEMO_VS20102012\DEBUG\DLGHOUGH.SBR
F:\MATLAB数字图像处理与机器视觉_第二版\第8章 图像复原\DIPDEMO_VS20102012\DIPDEMO_VS20102012\DEBUG\DLGHUFFMAN.OBJ
F:\MATLAB数字图像处理与机器视觉_第二版\第8章 图像复原\DIPDEMO_VS20102012\DIPDEMO_VS20102012\DEBUG\DLGHUFFMAN.SBR
F:\MATLAB数字图像处理与机器视觉_第二版\第8章 图像复原\DIPDEMO_VS20102012\DIPDEMO_VS20102012\DEBUG\DLGLINERPARA.OBJ
F:\MATLAB数字图像处理与机器视觉_第二版\第8章 图像复原\DIPDEMO_VS20102012\DIPDEMO_VS20102012\DEBUG\DLGLINERPARA.SBR
F:\MATLAB数字图像处理与机器视觉_第二版\第8章 图像复原\DIPDEMO_VS20102012\DIPDEMO_VS20102012\DEBUG\DLGLINTRANS.OBJ
F:\MATLAB数字图像处理与机器视觉_第二版\第8章 图像复原\DIPDEMO_VS20102012\DIPDEMO_VS20102012\DEBUG\DLGLINTRANS.SBR
F:\MATLAB数字图像处理与机器视觉_第二版\第8章 图像复原\DIPDEMO_VS20102012\DIPDEMO_VS20102012\DEBUG\DLGLOG.OBJ
F:\MATLAB数字图像处理与机器视觉_第二版\第8章 图像复原\DIPDEMO_VS20102012\DIPDEMO_VS20102012\DEBUG\DLGLOG.SBR
F:\MATLAB数字图像处理与机器视觉_第二版\第8章 图像复原\DIPDEMO_VS20102012\DIPDEMO_VS20102012\DEBUG\DLGMIDFILTER.OBJ
F:\MATLAB数字图像处理与机器视觉_第二版\第8章 图像复原\DIPDEMO_VS20102012\DIPDEMO_VS20102012\DEBUG\DLGMIDFILTER.SBR
F:\MATLAB数字图像处理与机器视觉_第二版\第8章 图像复原\DIPDEMO_VS20102012\DIPDEMO_VS20102012\DEBUG\DLGMORPH.OBJ
F:\MATLAB数字图像处理与机器视觉_第二版\第8章 图像复原\DIPDEMO_VS20102012\DIPDEMO_VS20102012\DEBUG\DLGMORPH.SBR
F:\MATLAB数字图像处理与机器视觉_第二版\第8章 图像复原\DIPDEMO_VS20102012\DIPDEMO_VS20102012\DEBUG\DLGPOINTTHRE.OBJ
F:\MATLAB数字图像处理与机器视觉_第二版\第8章 图像复原\DIPDEMO_VS20102012\DIPDEMO_VS20102012\DEBUG\DLGPOINTTHRE.SBR
F:\MATLAB数字图像处理与机器视觉_第二版\第8章 图像复原\DIPDEMO_VS20102012\DIPDEMO_VS20102012\DEBUG\DLGPOINTWIN.OBJ
F:\MATLAB数字图像处理与机器视觉_第二版\第8章 图像复原\DIPDEMO_VS20102012\DIPDEMO_VS20102012\DEBUG\DLGPOINTWIN.SBR
F:\MATLAB数字图像处理与机器视觉_第二版\第8章 图像复原\DIPDEMO_VS20102012\DIPDEMO_VS20102012\DEBUG\DLGPROJRESTORE.OBJ
F:\MATLAB数字图像处理与机器视觉_第二版\第8章 图像复原\DIPDEMO_VS20102012\DIPDEMO_VS20102012\DEBUG\DLGPROJRESTORE.SBR
F:\MATLAB数字图像处理与机器视觉_第二版\第8章 图像复原\DIPDEMO_VS20102012\DIPDEMO_VS20102012\DEBUG\DLGSHARPTHRE.OBJ
F:\MATLAB数字图像处理与机器视觉_第二版\第8章 图像复原\DIPDEMO_VS20102012\DIPDEMO_VS20102012\DEBUG\DLGSHARPTHRE.SBR
F:\MATLAB数字图像处理与机器视觉_第二版\第8章 图像复原\DIPDEMO_VS20102012\DIPDEMO_VS20102012\DEBUG\DLGSMOOTH.OBJ
F:\MATLAB数字图像处理与机器视觉_第二版\第8章 图像复原\DIPDEMO_VS20102012\DIPDEMO_VS20102012\DEBUG\DLGSMOOTH.SBR
F:\MATLAB数字图像处理与机器视觉_第二版\第8章 图像复原\DIPDEMO_VS20102012\DIPDEMO_VS20102012\DEBUG\DLGWNDTRAN.OBJ
F:\MATLAB数字图像处理与机器视觉_第二版\第8章 图像复原\DIPDEMO_VS20102012\DIPDEMO_VS20102012\DEBUG\DLGWNDTRAN.SBR
F:\MATLAB数字图像处理与机器视觉_第二版\第8章 图像复原\DIPDEMO_VS20102012\DIPDEMO_VS20102012\DEBUG\HUFFMAN.OBJ
F:\MATLAB数字图像处理与机器视觉_第二版\第8章 图像复原\DIPDEMO_VS20102012\DIPDEMO_VS20102012\DEBUG\HUFFMAN.SBR
F:\MATLAB数字图像处理与机器视觉_第二版\第8章 图像复原\DIPDEMO_VS20102012\DIPDEMO_VS20102012\DEBUG\IMG.OBJ
F:\MATLAB数字图像处理与机器视觉_第二版\第8章 图像复原\DIPDEMO_VS20102012\DIPDEMO_VS20102012\DEBUG\IMG.SBR
F:\MATLAB数字图像处理与机器视觉_第二版\第8章 图像复原\DIPDEMO_VS20102012\DIPDEMO_VS20102012\DEBUG\IMGPROCESS.OBJ
F:\MATLAB数字图像处理与机器视觉_第二版\第8章 图像复原\DIPDEMO_VS20102012\DIPDEMO_VS20102012\DEBUG\IMGPROCESS.SBR
F:\matlab数字图像处理与机器视觉_第二版\第8章 图像复原\DIPDemo_vs20102012\DIPDemo_vs20102012\Debug\link.4980.read.1.tlog
F:\matlab数字图像处理与机器视觉_第二版\第8章 图像复原\DIPDemo_vs20102012\DIPDemo_vs20102012\Debug\link.4980.write.1.tlog
F:\matlab数字图像处理与机器视觉_第二版\第8章 图像复原\DIPDemo_vs20102012\DIPDemo_vs20102012\Debug\link.4980-cvtres.read.1.tlog
F:\matlab数字图像处理与机器视觉_第二版\第8章 图像复原\DIPDemo_vs20102012\DIPDemo_vs20102012\Debug\link.4980-cvtres.write.1.tlog
F:\matlab数字图像处理与机器视觉_第二版\第8章 图像复原\DIPDemo_vs20102012\DIPDemo_vs20102012\Debug\link.5044.read.1.tlog
F:\matlab数字图像处理与机器视觉_第二版\第8章 图像复原\DIPDemo_vs20102012\DIPDemo_vs20102012\Debug\link.5044.write.1.tlog
F:\matlab数字图像处理与机器视觉_第二版\第8章 图像复原\DIPDemo_vs20102012\DIPDemo_vs20102012\Debug\link.5044-cvtres.read.1.tlog
F:\matlab数字图像处理与机器视觉_第二版\第8章 图像复原\DIPDemo_vs20102012\DIPDemo_vs20102012\Debug\link.5044-cvtres.write.1.tlog
F:\matlab数字图像处理与机器视觉_第二版\第8章 图像复原\DIPDemo_vs20102012\DIPDemo_vs20102012\Debug\link.6100.read.1.tlog
F:\matlab数字图像处理与机器视觉_第二版\第8章 图像复原\DIPDemo_vs20102012\DIPDemo_vs20102012\Debug\link.6100.write.1.tlog
F:\matlab数字图像处理与机器视觉_第二版\第8章 图像复原\DIPDemo_vs20102012\DIPDemo_vs20102012\Debug\link.6100-cvtres.read.1.tlog
F:\matlab数字图像处理与机器视觉_第二版\第8章 图像复原\DIPDemo_vs20102012\DIPDemo_vs20102012\Debug\link.6100-cvtres.write.1.tlog
F:\matlab数字图像处理与机器视觉_第二版\第8章 图像复原\DIPDemo_vs20102012\DIPDemo_vs20102012\Debug\link.command.1.tlog
F:\matlab数字图像处理与机器视觉_第二版\第8章 图像复原\DIPDemo_vs20102012\DIPDemo_vs20102012\Debug\link.read.1.tlog
F:\matlab数字图像处理与机器视觉_第二版\第8章 图像复原\DIPDemo_vs20102012\DIPDemo_vs20102012\Debug\link.write.1.tlog
F:\matlab数字图像处理与机器视觉_第二版\第8章 图像复原\DIPDemo_vs20102012\DIPDemo_vs20102012\Debug\link-cvtres.read.1.tlog
F:\matlab数字图像处理与机器视觉_第二版\第8章 图像复原\DIPDemo_vs20102012\DIPDemo_vs20102012\Debug\link-cvtres.write.1.tlog
F:\MATLAB数字图像处理与机器视觉_第二版\第8章 图像复原\DIPDEMO_VS20102012\DIPDEMO_VS20102012\DEBUG\MAINFRM.OBJ
F:\MATLAB数字图像处理与机器视觉_第二版\第8章 图像复原\DIPDEMO_VS20102012\DIPDEMO_VS20102012\DEBUG\MAINFRM.SBR
F:\matlab数字图像处理与机器视觉_第二版\第8章 图像复原\DIPDemo_vs20102012\DIPDemo_vs20102012\Debug\mt.command.1.tlog
F:\matlab数字图像处理与机器视觉_第二版\第8章 图像复原\DIPDemo_vs20102012\DIPDemo_vs20102012\Debug\mt.read.1.tlog
F:\matlab数字图像处理与机器视觉_第二版\第8章 图像复原\DIPDemo_vs20102012\DIPDemo_vs20102012\Debug\mt.write.1.tlog
F:\matlab数字图像处理与机器视觉_第二版\第8章 图像复原\DIPDemo_vs20102012\DIPDemo_vs20102012\Debug\rc.command.1.tlog
F:\matlab数字图像处理与机器视觉_第二版\第8章 图像复原\DIPDemo_vs20102012\DIPDemo_vs20102012\Debug\rc.read.1.tlog
F:\matlab数字图像处理与机器视觉_第二版\第8章 图像复原\DIPDemo_vs20102012\DIPDemo_vs20102012\Debug\rc.write.1.tlog
F:\MATLAB数字图像处理与机器视觉_第二版\第8章 图像复原\DIPDEMO_VS20102012\DIPDEMO_VS20102012\DEBUG\STDAFX.OBJ
F:\MATLAB数字图像处理与机器视觉_第二版\第8章 图像复原\DIPDEMO_VS20102012\DIPDEMO_VS20102012\DEBUG\STDAFX.SBR
F:\matlab数字图像处理与机器视觉_第二版\第8章 图像复原\DIPDemo_vs20102012\DIPDemo_vs20102012\Debug\vc100.idb
F:\MATLAB数字图像处理与机器视觉_第二版\第8章 图像复原\DIPDEMO_VS20102012\DIPDEMO_VS20102012\DEBUG\VC100.PDB
F:\MATLAB数字图像处理与机器视觉_第二版\第8章 图像复原\DIPDEMO_VS20102012\DIPDEMO_VS20102012\DEBUG\VECTOR2D.OBJ
F:\MATLAB数字图像处理与机器视觉_第二版\第8章 图像复原\DIPDEMO_VS20102012\DIPDEMO_VS20102012\DEBUG\VECTOR2D.SBR
