g:\develop\c++projects\stlviewer\stlviewer\debug\stlviewer.pch
g:\develop\c++projects\stlviewer\stlviewer\debug\vc140.pdb
g:\develop\c++projects\stlviewer\stlviewer\debug\vc140.idb
g:\develop\c++projects\stlviewer\stlviewer\debug\stdafx.obj
g:\develop\c++projects\stlviewer\stlviewer\debug\mainfrm.obj
g:\develop\c++projects\stlviewer\stlviewer\debug\predicates.obj
g:\develop\c++projects\stlviewer\stlviewer\debug\stlviewer.obj
g:\develop\c++projects\stlviewer\stlviewer\debug\stlviewerdoc.obj
g:\develop\c++projects\stlviewer\stlviewer\debug\stlviewerview.obj
g:\develop\c++projects\stlviewer\stlviewer\debug\tetgen.obj
g:\develop\c++projects\stlviewer\bin\stlviewer.ilk
g:\develop\c++projects\stlviewer\bin\stlviewer.exe
g:\develop\c++projects\stlviewer\bin\stlviewer.pdb
g:\develop\c++projects\stlviewer\stlviewer\debug\stlviewer.res
g:\develop\c++projects\stlviewer\stlviewer\debug\stlviewer.tlog\cl.command.1.tlog
g:\develop\c++projects\stlviewer\stlviewer\debug\stlviewer.tlog\cl.read.1.tlog
g:\develop\c++projects\stlviewer\stlviewer\debug\stlviewer.tlog\cl.write.1.tlog
g:\develop\c++projects\stlviewer\stlviewer\debug\stlviewer.tlog\link.command.1.tlog
g:\develop\c++projects\stlviewer\stlviewer\debug\stlviewer.tlog\link.read.1.tlog
g:\develop\c++projects\stlviewer\stlviewer\debug\stlviewer.tlog\link.write.1.tlog
g:\develop\c++projects\stlviewer\stlviewer\debug\stlviewer.tlog\rc.command.1.tlog
g:\develop\c++projects\stlviewer\stlviewer\debug\stlviewer.tlog\rc.read.1.tlog
g:\develop\c++projects\stlviewer\stlviewer\debug\stlviewer.tlog\rc.write.1.tlog
