g:\develop\c++projects\salesystem\salesystem\debug\vc141.pdb
g:\develop\c++projects\salesystem\salesystem\debug\vc141.idb
g:\develop\c++projects\salesystem\salesystem\debug\salesystemview.obj
g:\develop\c++projects\salesystem\salesystem\debug\salesystemdoc.obj
g:\develop\c++projects\salesystem\salesystem\debug\salesystem.obj
g:\develop\c++projects\salesystem\salesystem\debug\mainfrm.obj
g:\develop\c++projects\salesystem\salesystem\debug\logindlg.obj
g:\develop\c++projects\salesystem\salesystem\debug\infofile.obj
g:\develop\c++projects\salesystem\salesystem\debug\salesystem.pch
g:\develop\c++projects\salesystem\salesystem\debug\stdafx.obj
g:\develop\c++projects\salesystem\salesystem\debug\cselectview.obj
g:\develop\c++projects\salesystem\salesystem\debug\dispalyview.obj
g:\develop\c++projects\salesystem\salesystem\debug\userdlg.obj
g:\develop\c++projects\salesystem\salesystem\debug\selldlg.obj
g:\develop\c++projects\salesystem\salesystem\debug\infodlg.obj
g:\develop\c++projects\salesystem\salesystem\debug\adddlg.obj
g:\develop\c++projects\salesystem\debug\salesystem.exe
g:\develop\c++projects\salesystem\debug\salesystem.ilk
g:\develop\c++projects\salesystem\debug\salesystem.pdb
g:\develop\c++projects\salesystem\salesystem\debug\salesystem.res
g:\develop\c++projects\salesystem\salesystem\debug\cdisplayview.obj
g:\develop\c++projects\salesystem\salesystem\debug\salesystem.tlog\cl.command.1.tlog
g:\develop\c++projects\salesystem\salesystem\debug\salesystem.tlog\cl.read.1.tlog
g:\develop\c++projects\salesystem\salesystem\debug\salesystem.tlog\cl.write.1.tlog
g:\develop\c++projects\salesystem\salesystem\debug\salesystem.tlog\link.command.1.tlog
g:\develop\c++projects\salesystem\salesystem\debug\salesystem.tlog\link.read.1.tlog
g:\develop\c++projects\salesystem\salesystem\debug\salesystem.tlog\link.write.1.tlog
g:\develop\c++projects\salesystem\salesystem\debug\salesystem.tlog\rc.command.1.tlog
g:\develop\c++projects\salesystem\salesystem\debug\salesystem.tlog\rc.read.1.tlog
g:\develop\c++projects\salesystem\salesystem\debug\salesystem.tlog\rc.write.1.tlog
