
============= MEMWATCH 2.71 Copyright (C) 1992-1999 Johan Lindh =============

Started at Wed Jun 20 11:33:45 2018

Modes: 64-bit mwDWORD==(unsigned long)
mwROUNDALLOC==8 sizeof(mwData)==32 mwDataSize==32
Compiled using Microsoft C 19.13


Stopped at Wed Jun 20 11:34:30 2018

unfreed: <980> g:\develop\c++projects\featurereuse3\featurereuse\tetgen.cxx(3837), 2048 bytes at 195845E0  	{E0 79 9A 1F 40 FF 86 1F 40 FF 86 1F C8 3F 9B 1F .y..@...@....?..}
unfreed: <979> g:\develop\c++projects\featurereuse3\featurereuse\tetgen.cxx(3804), 512 bytes at 194A9300  	{E0 45 58 19 00 00 00 00 00 00 00 00 00 00 00 00 .EX.............}
unfreed: <978> g:\develop\c++projects\featurereuse3\featurereuse\tetgen.cxx(3837), 1024 bytes at 05768100  	{E0 79 9A 1F 40 FF 86 1F C8 3F 9B 1F FE FE FE FE .y..@....?......}
unfreed: <977> g:\develop\c++projects\featurereuse3\featurereuse\tetgen.cxx(3804), 512 bytes at 194A8E30  	{00 81 76 05 00 00 00 00 00 00 00 00 00 00 00 00 ..v.............}

Memory usage statistics (global):
 N)umber of allocations made: 712
 L)argest memory usage      : 83649232
 T)otal of all alloc() calls: 93388132
 U)nfreed bytes totals      : 4096
MEMWATCH detected 4 anomalies

============= MEMWATCH 2.71 Copyright (C) 1992-1999 Johan Lindh =============

Started at Thu Jun 21 21:34:59 2018

Modes: 64-bit mwDWORD==(unsigned long)
mwROUNDALLOC==8 sizeof(mwData)==32 mwDataSize==32
Compiled using Microsoft C 19.13


Stopped at Thu Jun 21 21:35:05 2018


Memory usage statistics (global):
 N)umber of allocations made: 1
 L)argest memory usage      : 148
 T)otal of all alloc() calls: 148
 U)nfreed bytes totals      : 0
