.\Debug\DigitRec.bsc
.\Debug\DigitRec.ilk
.\Debug\DigitRec.pdb
D:\DIPREC\DigitRec_vs2012\DigitRec_vs2012\.\Debug\DigitRec.exe
D:\DIPREC\DigitRec_vs2012\DigitRec_vs2012\Debug\BscMake.command.1.tlog
D:\DIPREC\DigitRec_vs2012\DigitRec_vs2012\Debug\bscmake.read.1.tlog
D:\DIPREC\DigitRec_vs2012\DigitRec_vs2012\Debug\bscmake.write.1.tlog
D:\DIPREC\DigitRec_vs2012\DigitRec_vs2012\Debug\cl.command.1.tlog
D:\DIPREC\DigitRec_vs2012\DigitRec_vs2012\Debug\CL.read.1.tlog
D:\DIPREC\DigitRec_vs2012\DigitRec_vs2012\Debug\CL.write.1.tlog
D:\DIPREC\DIGITREC_VS2012\DIGITREC_VS2012\DEBUG\DIGITREC.BSC
D:\DIPREC\DIGITREC_VS2012\DIGITREC_VS2012\DEBUG\DIGITREC.EXE
D:\DIPREC\DIGITREC_VS2012\DIGITREC_VS2012\DEBUG\DIGITREC.ILK
D:\DIPREC\DIGITREC_VS2012\DIGITREC_VS2012\DEBUG\DIGITREC.OBJ
D:\DIPREC\DIGITREC_VS2012\DIGITREC_VS2012\DEBUG\DIGITREC.PCH
D:\DIPREC\DIGITREC_VS2012\DIGITREC_VS2012\DEBUG\DIGITREC.PDB
D:\DIPREC\DIGITREC_VS2012\DIGITREC_VS2012\DEBUG\DIGITREC.RES
D:\DIPREC\DIGITREC_VS2012\DIGITREC_VS2012\DEBUG\DIGITREC.SBR
D:\DIPREC\DIGITREC_VS2012\DIGITREC_VS2012\DEBUG\DIGITRECDOC.OBJ
D:\DIPREC\DIGITREC_VS2012\DIGITREC_VS2012\DEBUG\DIGITRECDOC.SBR
D:\DIPREC\DIGITREC_VS2012\DIGITREC_VS2012\DEBUG\DIGITRECVIEW.OBJ
D:\DIPREC\DIGITREC_VS2012\DIGITREC_VS2012\DEBUG\DIGITRECVIEW.SBR
D:\DIPREC\DigitRec_vs2012\DigitRec_vs2012\Debug\Gray.obj
D:\DIPREC\DigitRec_vs2012\DigitRec_vs2012\Debug\Gray.sbr
D:\DIPREC\DigitRec_vs2012\DigitRec_vs2012\Debug\ImageProcess.obj
D:\DIPREC\DigitRec_vs2012\DigitRec_vs2012\Debug\ImageProcess.sbr
D:\DIPREC\DIGITREC_VS2012\DIGITREC_VS2012\DEBUG\IMG.OBJ
D:\DIPREC\DIGITREC_VS2012\DIGITREC_VS2012\DEBUG\IMG.SBR
D:\DIPREC\DIGITREC_VS2012\DIGITREC_VS2012\DEBUG\IMGPROCESS.OBJ
D:\DIPREC\DIGITREC_VS2012\DIGITREC_VS2012\DEBUG\IMGPROCESS.SBR
D:\DIPREC\DigitRec_vs2012\DigitRec_vs2012\Debug\link.command.1.tlog
D:\DIPREC\DigitRec_vs2012\DigitRec_vs2012\Debug\link.read.1.tlog
D:\DIPREC\DigitRec_vs2012\DigitRec_vs2012\Debug\link.write.1.tlog
D:\DIPREC\DigitRec_vs2012\DigitRec_vs2012\Debug\link-cvtres.read.1.tlog
D:\DIPREC\DigitRec_vs2012\DigitRec_vs2012\Debug\link-cvtres.write.1.tlog
D:\DIPREC\DigitRec_vs2012\DigitRec_vs2012\Debug\link-mt.read.1.tlog
D:\DIPREC\DigitRec_vs2012\DigitRec_vs2012\Debug\link-mt.write.1.tlog
D:\DIPREC\DigitRec_vs2012\DigitRec_vs2012\Debug\link-rc.read.1.tlog
D:\DIPREC\DigitRec_vs2012\DigitRec_vs2012\Debug\link-rc.write.1.tlog
D:\DIPREC\DIGITREC_VS2012\DIGITREC_VS2012\DEBUG\MAINFRM.OBJ
D:\DIPREC\DIGITREC_VS2012\DIGITREC_VS2012\DEBUG\MAINFRM.SBR
D:\DIPREC\DIGITREC_VS2012\DIGITREC_VS2012\DEBUG\NEURALDATA.OBJ
D:\DIPREC\DIGITREC_VS2012\DIGITREC_VS2012\DEBUG\NEURALDATA.SBR
D:\DIPREC\DIGITREC_VS2012\DIGITREC_VS2012\DEBUG\NEURALNET.OBJ
D:\DIPREC\DIGITREC_VS2012\DIGITREC_VS2012\DEBUG\NEURALNET.SBR
D:\DIPREC\DigitRec_vs2012\DigitRec_vs2012\Debug\OCRImageProcess.obj
D:\DIPREC\DigitRec_vs2012\DigitRec_vs2012\Debug\OCRImageProcess.sbr
D:\DIPREC\DIGITREC_VS2012\DIGITREC_VS2012\DEBUG\OCRIMGPROCESS.OBJ
D:\DIPREC\DIGITREC_VS2012\DIGITREC_VS2012\DEBUG\OCRIMGPROCESS.SBR
D:\DIPREC\DIGITREC_VS2012\DIGITREC_VS2012\DEBUG\PREPROCESSDLG.OBJ
D:\DIPREC\DIGITREC_VS2012\DIGITREC_VS2012\DEBUG\PREPROCESSDLG.SBR
D:\DIPREC\DigitRec_vs2012\DigitRec_vs2012\Debug\rc.command.1.tlog
D:\DIPREC\DigitRec_vs2012\DigitRec_vs2012\Debug\rc.read.1.tlog
D:\DIPREC\DigitRec_vs2012\DigitRec_vs2012\Debug\rc.write.1.tlog
D:\DIPREC\DIGITREC_VS2012\DIGITREC_VS2012\DEBUG\STDAFX.OBJ
D:\DIPREC\DIGITREC_VS2012\DIGITREC_VS2012\DEBUG\STDAFX.SBR
D:\DIPREC\DIGITREC_VS2012\DIGITREC_VS2012\DEBUG\TESTDIALOG.OBJ
D:\DIPREC\DIGITREC_VS2012\DIGITREC_VS2012\DEBUG\TESTDIALOG.SBR
D:\DIPREC\DIGITREC_VS2012\DIGITREC_VS2012\DEBUG\TRAINDLG.OBJ
D:\DIPREC\DIGITREC_VS2012\DIGITREC_VS2012\DEBUG\TRAINDLG.SBR
D:\DIPREC\DIGITREC_VS2012\DIGITREC_VS2012\DEBUG\VALUETRACK.OBJ
D:\DIPREC\DIGITREC_VS2012\DIGITREC_VS2012\DEBUG\VALUETRACK.SBR
D:\DIPREC\DigitRec_vs2012\DigitRec_vs2012\Debug\vc110.idb
D:\DIPREC\DIGITREC_VS2012\DIGITREC_VS2012\DEBUG\VC110.PDB
D:\DIPREC\DigitRec_vs2012\DigitRec_vs2012\Debug\vc60.idb
D:\DIPREC\DigitRec_vs2012\DigitRec_vs2012\Debug\vc60.pdb
D:\DIPREC\DIGITREC_VS2012\DIGITREC_VS2012\DEBUG\VECTOR2D.OBJ
D:\DIPREC\DIGITREC_VS2012\DIGITREC_VS2012\DEBUG\VECTOR2D.SBR
